# JRE version: OpenJDK Runtime Environment Temurin-21.0.11+10 (21.0.11+10) (build 21.0.11+10-LTS)
# Java VM: OpenJDK 64-Bit Server VM Temurin-21.0.11+10 (21.0.11+10-LTS, mixed mode, sharing, tiered, compressed oops, compressed class ptrs, parallel gc, windows-amd64)
GC Precious Log:
 CardTable entry size: 512
 CPUs: 4 total, 4 available
 Memory: 3895M
 Large Page Support: Disabled
 NUMA Support: Disabled
 Compressed Oops: Enabled (32-bit)
 Alignments: Space 512K, Generation 512K, Heap 2M
 Heap Min Capacity: 100M
 Heap Initial Capacity: 100M
 Heap Max Capacity: 2G
 Pre-touch: Disabled
 Parallel Workers: 4
Heap:
 PSYoungGen      total 23040K, used 6337K [0x00000000d5580000, 0x00000000d6f80000, 0x0000000100000000)
  eden space 20480K, 28% used [0x00000000d5580000,0x00000000d5b28560,0x00000000d6980000)
  from space 2560K, 21% used [0x00000000d6b00000,0x00000000d6b88000,0x00000000d6d80000)
  to   space 1024K, 0% used [0x00000000d6e80000,0x00000000d6e80000,0x00000000d6f80000)
 ParOldGen       total 68608K, used 64689K [0x0000000080000000, 0x0000000084300000, 0x00000000d5580000)
  object space 68608K, 94% used [0x0000000080000000,0x0000000083f2c798,0x0000000084300000)
 Metaspace       used 76436K, committed 78080K, reserved 1179648K
  class space    used 9867K, committed 10624K, reserved 1048576K
GC Heap History (20 events):
Event: 1724.178 GC heap before
{Heap before GC invocations=63 (full 3):
 PSYoungGen      total 21504K, used 21120K [0x00000000d5580000, 0x00000000d6e00000, 0x0000000100000000)
  eden space 20992K, 100% used [0x00000000d5580000,0x00000000d6a00000,0x00000000d6a00000)
  from space 512K, 25% used [0x00000000d6a00000,0x00000000d6a20000,0x00000000d6a80000)
  to   space 512K, 0% used [0x00000000d6d80000,0x00000000d6d80000,0x00000000d6e00000)
 ParOldGen       total 68608K, used 51170K [0x0000000080000000, 0x0000000084300000, 0x00000000d5580000)
  object space 68608K, 74% used [0x0000000080000000,0x00000000831f8960,0x0000000084300000)
 Metaspace       used 70207K, committed 71744K, reserved 1114112K
  class space    used 8813K, committed 9472K, reserved 1048576K
}
Event: 1724.182 GC heap after
{Heap after GC invocations=63 (full 3):
 PSYoungGen      total 21504K, used 128K [0x00000000d5580000, 0x00000000d6e00000, 0x0000000100000000)
  eden space 20992K, 0% used [0x00000000d5580000,0x00000000d5580000,0x00000000d6a00000)
  from space 512K, 25% used [0x00000000d6d80000,0x00000000d6da0000,0x00000000d6e00000)
  to   space 512K, 0% used [0x00000000d6a00000,0x00000000d6a00000,0x00000000d6a80000)
 ParOldGen       total 68608K, used 51186K [0x0000000080000000, 0x0000000084300000, 0x00000000d5580000)
  object space 68608K, 74% used [0x0000000080000000,0x00000000831fc960,0x0000000084300000)
 Metaspace       used 70207K, committed 71744K, reserved 1114112K
  class space    used 8813K, committed 9472K, reserved 1048576K
}
Event: 1740.563 GC heap before
{Heap before GC invocations=64 (full 3):
 PSYoungGen      total 21504K, used 21120K [0x00000000d5580000, 0x00000000d6e00000, 0x0000000100000000)
  eden space 20992K, 100% used [0x00000000d5580000,0x00000000d6a00000,0x00000000d6a00000)
  from space 512K, 25% used [0x00000000d6d80000,0x00000000d6da0000,0x00000000d6e00000)
  to   space 512K, 0% used [0x00000000d6a00000,0x00000000d6a00000,0x00000000d6a80000)
 ParOldGen       total 68608K, used 51186K [0x0000000080000000, 0x0000000084300000, 0x00000000d5580000)
  object space 68608K, 74% used [0x0000000080000000,0x00000000831fc960,0x0000000084300000)
 Metaspace       used 70207K, committed 71744K, reserved 1114112K
  class space    used 8813K, committed 9472K, reserved 1048576K
}
Event: 1740.568 GC heap after
{Heap after GC invocations=64 (full 3):
 PSYoungGen      total 21504K, used 96K [0x00000000d5580000, 0x00000000d6e00000, 0x0000000100000000)
  eden space 20992K, 0% used [0x00000000d5580000,0x00000000d5580000,0x00000000d6a00000)
  from space 512K, 18% used [0x00000000d6a00000,0x00000000d6a18000,0x00000000d6a80000)
  to   space 512K, 0% used [0x00000000d6d80000,0x00000000d6d80000,0x00000000d6e00000)
 ParOldGen       total 68608K, used 51202K [0x0000000080000000, 0x0000000084300000, 0x00000000d5580000)
  object space 68608K, 74% used [0x0000000080000000,0x0000000083200960,0x0000000084300000)
 Metaspace       used 70207K, committed 71744K, reserved 1114112K
  class space    used 8813K, committed 9472K, reserved 1048576K
}
Event: 1750.857 GC heap before
{Heap before GC invocations=65 (full 3):
 PSYoungGen      total 21504K, used 21088K [0x00000000d5580000, 0x00000000d6e00000, 0x0000000100000000)
  eden space 20992K, 100% used [0x00000000d5580000,0x00000000d6a00000,0x00000000d6a00000)
  from space 512K, 18% used [0x00000000d6a00000,0x00000000d6a18000,0x00000000d6a80000)
  to   space 512K, 0% used [0x00000000d6d80000,0x00000000d6d80000,0x00000000d6e00000)
 ParOldGen       total 68608K, used 51202K [0x0000000080000000, 0x0000000084300000, 0x00000000d5580000)
  object space 68608K, 74% used [0x0000000080000000,0x0000000083200960,0x0000000084300000)
 Metaspace       used 70207K, committed 71744K, reserved 1114112K
  class space    used 8813K, committed 9472K, reserved 1048576K
}
Event: 1750.859 GC heap after
{Heap after GC invocations=65 (full 3):
 PSYoungGen      total 21504K, used 96K [0x00000000d5580000, 0x00000000d6e00000, 0x0000000100000000)
  eden space 20992K, 0% used [0x00000000d5580000,0x00000000d5580000,0x00000000d6a00000)
  from space 512K, 18% used [0x00000000d6d80000,0x00000000d6d98000,0x00000000d6e00000)
  to   space 512K, 0% used [0x00000000d6a00000,0x00000000d6a00000,0x00000000d6a80000)
 ParOldGen       total 68608K, used 51210K [0x0000000080000000, 0x0000000084300000, 0x00000000d5580000)
  object space 68608K, 74% used [0x0000000080000000,0x0000000083202960,0x0000000084300000)
 Metaspace       used 70207K, committed 71744K, reserved 1114112K
  class space    used 8813K, committed 9472K, reserved 1048576K
}
Event: 1763.776 GC heap before
{Heap before GC invocations=66 (full 3):
 PSYoungGen      total 21504K, used 21088K [0x00000000d5580000, 0x00000000d6e00000, 0x0000000100000000)
  eden space 20992K, 100% used [0x00000000d5580000,0x00000000d6a00000,0x00000000d6a00000)
  from space 512K, 18% used [0x00000000d6d80000,0x00000000d6d98000,0x00000000d6e00000)
  to   space 512K, 0% used [0x00000000d6a00000,0x00000000d6a00000,0x00000000d6a80000)
 ParOldGen       total 68608K, used 51210K [0x0000000080000000, 0x0000000084300000, 0x00000000d5580000)
  object space 68608K, 74% used [0x0000000080000000,0x0000000083202960,0x0000000084300000)
 Metaspace       used 70207K, committed 71744K, reserved 1114112K
  class space    used 8813K, committed 9472K, reserved 1048576K
}
Event: 1763.802 GC heap after
{Heap after GC invocations=66 (full 3):
 PSYoungGen      total 21504K, used 128K [0x00000000d5580000, 0x00000000d6e00000, 0x0000000100000000)
  eden space 20992K, 0% used [0x00000000d5580000,0x00000000d5580000,0x00000000d6a00000)
  from space 512K, 25% used [0x00000000d6a00000,0x00000000d6a20000,0x00000000d6a80000)
  to   space 512K, 0% used [0x00000000d6d80000,0x00000000d6d80000,0x00000000d6e00000)
 ParOldGen       total 68608K, used 51218K [0x0000000080000000, 0x0000000084300000, 0x00000000d5580000)
  object space 68608K, 74% used [0x0000000080000000,0x0000000083204960,0x0000000084300000)
 Metaspace       used 70207K, committed 71744K, reserved 1114112K
  class space    used 8813K, committed 9472K, reserved 1048576K
}
Event: 1782.729 GC heap before
{Heap before GC invocations=67 (full 3):
 PSYoungGen      total 21504K, used 19975K [0x00000000d5580000, 0x00000000d6e00000, 0x0000000100000000)
  eden space 20992K, 94% used [0x00000000d5580000,0x00000000d68e1ea8,0x00000000d6a00000)
  from space 512K, 25% used [0x00000000d6a00000,0x00000000d6a20000,0x00000000d6a80000)
  to   space 512K, 0% used [0x00000000d6d80000,0x00000000d6d80000,0x00000000d6e00000)
 ParOldGen       total 68608K, used 51218K [0x0000000080000000, 0x0000000084300000, 0x00000000d5580000)
  object space 68608K, 74% used [0x0000000080000000,0x0000000083204960,0x0000000084300000)
 Metaspace       used 70220K, committed 71744K, reserved 1114112K
  class space    used 8814K, committed 9472K, reserved 1048576K
}
Event: 1782.740 GC heap after
{Heap after GC invocations=67 (full 3):
 PSYoungGen      total 20992K, used 500K [0x00000000d5580000, 0x00000000d7200000, 0x0000000100000000)
  eden space 20480K, 0% used [0x00000000d5580000,0x00000000d5580000,0x00000000d6980000)
  from space 512K, 97% used [0x00000000d6d80000,0x00000000d6dfd3f0,0x00000000d6e00000)
  to   space 4096K, 0% used [0x00000000d6980000,0x00000000d6980000,0x00000000d6d80000)
 ParOldGen       total 68608K, used 54026K [0x0000000080000000, 0x0000000084300000, 0x00000000d5580000)
  object space 68608K, 78% used [0x0000000080000000,0x00000000834c2898,0x0000000084300000)
 Metaspace       used 70220K, committed 71744K, reserved 1114112K
  class space    used 8814K, committed 9472K, reserved 1048576K
}
Event: 1789.750 GC heap before
{Heap before GC invocations=68 (full 3):
 PSYoungGen      total 20992K, used 20980K [0x00000000d5580000, 0x00000000d7200000, 0x0000000100000000)
  eden space 20480K, 100% used [0x00000000d5580000,0x00000000d6980000,0x00000000d6980000)
  from space 512K, 97% used [0x00000000d6d80000,0x00000000d6dfd3f0,0x00000000d6e00000)
  to   space 4096K, 0% used [0x00000000d6980000,0x00000000d6980000,0x00000000d6d80000)
 ParOldGen       total 68608K, used 54026K [0x0000000080000000, 0x0000000084300000, 0x00000000d5580000)
  object space 68608K, 78% used [0x0000000080000000,0x00000000834c2898,0x0000000084300000)
 Metaspace       used 71490K, committed 73024K, reserved 1114112K
  class space    used 9043K, committed 9728K, reserved 1048576K
}
Event: 1789.770 GC heap after
{Heap after GC invocations=68 (full 3):
 PSYoungGen      total 22528K, used 1734K [0x00000000d5580000, 0x00000000d6e80000, 0x0000000100000000)
  eden space 20480K, 0% used [0x00000000d5580000,0x00000000d5580000,0x00000000d6980000)
  from space 2048K, 84% used [0x00000000d6980000,0x00000000d6b319d0,0x00000000d6b80000)
  to   space 2560K, 0% used [0x00000000d6c00000,0x00000000d6c00000,0x00000000d6e80000)
 ParOldGen       total 68608K, used 57954K [0x0000000080000000, 0x0000000084300000, 0x00000000d5580000)
  object space 68608K, 84% used [0x0000000080000000,0x00000000838988e0,0x0000000084300000)
 Metaspace       used 71490K, committed 73024K, reserved 1114112K
  class space    used 9043K, committed 9728K, reserved 1048576K
}
Event: 1793.030 GC heap before
{Heap before GC invocations=69 (full 3):
 PSYoungGen      total 22528K, used 22214K [0x00000000d5580000, 0x00000000d6e80000, 0x0000000100000000)
  eden space 20480K, 100% used [0x00000000d5580000,0x00000000d6980000,0x00000000d6980000)
  from space 2048K, 84% used [0x00000000d6980000,0x00000000d6b319d0,0x00000000d6b80000)
  to   space 2560K, 0% used [0x00000000d6c00000,0x00000000d6c00000,0x00000000d6e80000)
 ParOldGen       total 68608K, used 57954K [0x0000000080000000, 0x0000000084300000, 0x00000000d5580000)
  object space 68608K, 84% used [0x0000000080000000,0x00000000838988e0,0x0000000084300000)
 Metaspace       used 72000K, committed 73536K, reserved 1114112K
  class space    used 9109K, committed 9792K, reserved 1048576K
}
Event: 1793.041 GC heap after
{Heap after GC invocations=69 (full 3):
 PSYoungGen      total 20992K, used 512K [0x00000000d5580000, 0x00000000d6c80000, 0x0000000100000000)
  eden space 20480K, 0% used [0x00000000d5580000,0x00000000d5580000,0x00000000d6980000)
  from space 512K, 100% used [0x00000000d6c00000,0x00000000d6c80000,0x00000000d6c80000)
  to   space 1536K, 0% used [0x00000000d6980000,0x00000000d6980000,0x00000000d6b00000)
 ParOldGen       total 68608K, used 59596K [0x0000000080000000, 0x0000000084300000, 0x00000000d5580000)
  object space 68608K, 86% used [0x0000000080000000,0x0000000083a331d0,0x0000000084300000)
 Metaspace       used 72000K, committed 73536K, reserved 1114112K
  class space    used 9109K, committed 9792K, reserved 1048576K
}
Event: 1794.937 GC heap before
{Heap before GC invocations=70 (full 3):
 PSYoungGen      total 20992K, used 20992K [0x00000000d5580000, 0x00000000d6c80000, 0x0000000100000000)
  eden space 20480K, 100% used [0x00000000d5580000,0x00000000d6980000,0x00000000d6980000)
  from space 512K, 100% used [0x00000000d6c00000,0x00000000d6c80000,0x00000000d6c80000)
  to   space 1536K, 0% used [0x00000000d6980000,0x00000000d6980000,0x00000000d6b00000)
 ParOldGen       total 68608K, used 59596K [0x0000000080000000, 0x0000000084300000, 0x00000000d5580000)
  object space 68608K, 86% used [0x0000000080000000,0x0000000083a331d0,0x0000000084300000)
 Metaspace       used 72081K, committed 73600K, reserved 1114112K
  class space    used 9120K, committed 9792K, reserved 1048576K
}
Event: 1794.943 GC heap after
{Heap after GC invocations=70 (full 3):
 PSYoungGen      total 22016K, used 1519K [0x00000000d5580000, 0x00000000d7480000, 0x0000000100000000)
  eden space 20480K, 0% used [0x00000000d5580000,0x00000000d5580000,0x00000000d6980000)
  from space 1536K, 98% used [0x00000000d6980000,0x00000000d6afbde8,0x00000000d6b00000)
  to   space 5632K, 0% used [0x00000000d6f00000,0x00000000d6f00000,0x00000000d7480000)
 ParOldGen       total 68608K, used 62529K [0x0000000080000000, 0x0000000084300000, 0x00000000d5580000)
  object space 68608K, 91% used [0x0000000080000000,0x0000000083d10588,0x0000000084300000)
 Metaspace       used 72081K, committed 73600K, reserved 1114112K
  class space    used 9120K, committed 9792K, reserved 1048576K
}
Event: 1797.086 GC heap before
{Heap before GC invocations=71 (full 3):
 PSYoungGen      total 22016K, used 21999K [0x00000000d5580000, 0x00000000d7480000, 0x0000000100000000)
  eden space 20480K, 100% used [0x00000000d5580000,0x00000000d6980000,0x00000000d6980000)
  from space 1536K, 98% used [0x00000000d6980000,0x00000000d6afbde8,0x00000000d6b00000)
  to   space 5632K, 0% used [0x00000000d6f00000,0x00000000d6f00000,0x00000000d7480000)
 ParOldGen       total 68608K, used 62529K [0x0000000080000000, 0x0000000084300000, 0x00000000d5580000)
  object space 68608K, 91% used [0x0000000080000000,0x0000000083d10588,0x0000000084300000)
 Metaspace       used 73870K, committed 75392K, reserved 1179648K
  class space    used 9445K, committed 10112K, reserved 1048576K
}
Event: 1797.095 GC heap after
{Heap after GC invocations=71 (full 3):
 PSYoungGen      total 21504K, used 720K [0x00000000d5580000, 0x00000000d7000000, 0x0000000100000000)
  eden space 20480K, 0% used [0x00000000d5580000,0x00000000d5580000,0x00000000d6980000)
  from space 1024K, 70% used [0x00000000d6f00000,0x00000000d6fb4010,0x00000000d7000000)
  to   space 2560K, 0% used [0x00000000d6b00000,0x00000000d6b00000,0x00000000d6d80000)
 ParOldGen       total 68608K, used 64049K [0x0000000080000000, 0x0000000084300000, 0x00000000d5580000)
  object space 68608K, 93% used [0x0000000080000000,0x0000000083e8c768,0x0000000084300000)
 Metaspace       used 73870K, committed 75392K, reserved 1179648K
  class space    used 9445K, committed 10112K, reserved 1048576K
}
Event: 1798.406 GC heap before
{Heap before GC invocations=72 (full 3):
 PSYoungGen      total 21504K, used 21200K [0x00000000d5580000, 0x00000000d7000000, 0x0000000100000000)
  eden space 20480K, 100% used [0x00000000d5580000,0x00000000d6980000,0x00000000d6980000)
  from space 1024K, 70% used [0x00000000d6f00000,0x00000000d6fb4010,0x00000000d7000000)
  to   space 2560K, 0% used [0x00000000d6b00000,0x00000000d6b00000,0x00000000d6d80000)
 ParOldGen       total 68608K, used 64049K [0x0000000080000000, 0x0000000084300000, 0x00000000d5580000)
  object space 68608K, 93% used [0x0000000080000000,0x0000000083e8c768,0x0000000084300000)
 Metaspace       used 76020K, committed 77568K, reserved 1179648K
  class space    used 9820K, committed 10496K, reserved 1048576K
}
Event: 1798.412 GC heap after
{Heap after GC invocations=72 (full 3):
 PSYoungGen      total 23040K, used 544K [0x00000000d5580000, 0x00000000d6f80000, 0x0000000100000000)
  eden space 20480K, 0% used [0x00000000d5580000,0x00000000d5580000,0x00000000d6980000)
  from space 2560K, 21% used [0x00000000d6b00000,0x00000000d6b88000,0x00000000d6d80000)
  to   space 1024K, 0% used [0x00000000d6e80000,0x00000000d6e80000,0x00000000d6f80000)
 ParOldGen       total 68608K, used 64689K [0x0000000080000000, 0x0000000084300000, 0x00000000d5580000)
  object space 68608K, 94% used [0x0000000080000000,0x0000000083f2c798,0x0000000084300000)
 Metaspace       used 76020K, committed 77568K, reserved 1179648K
  class space    used 9820K, committed 10496K, reserved 1048576K
}

