# JRE version: Java(TM) SE Runtime Environment (17.0.10+11) (build 17.0.10+11-LTS-240)
# Java VM: Java HotSpot(TM) 64-Bit Server VM (17.0.10+11-LTS-240, mixed mode, sharing, tiered, compressed oops, compressed class ptrs, g1 gc, windows-amd64)
GC Precious Log:
 CPUs: 4 total, 4 available
 Memory: 3895M
 Large Page Support: Disabled
 NUMA Support: Disabled
 Compressed Oops: Enabled (32-bit)
 Heap Region Size: 1M
 Heap Min Capacity: 8M
 Heap Initial Capacity: 62M
 Heap Max Capacity: 974M
 Pre-touch: Disabled
 Parallel Workers: 4
 Concurrent Workers: 1
 Concurrent Refinement Workers: 4
 Periodic GC: Disabled
Heap:
 garbage-first heap   total 75776K, used 50385K [0x00000000c3200000, 0x0000000100000000)
  region size 1024K, 9 young (9216K), 2 survivors (2048K)
 Metaspace       used 29813K, committed 30016K, reserved 1114112K
  class space    used 3721K, committed 3776K, reserved 1048576K
GC Heap History (20 events):
Event: 68.900 GC heap before
{Heap before GC invocations=4 (full 0):
 garbage-first heap   total 63488K, used 45344K [0x00000000c3200000, 0x0000000100000000)
  region size 1024K, 26 young (26624K), 4 survivors (4096K)
 Metaspace       used 17588K, committed 17792K, reserved 1114112K
  class space    used 2284K, committed 2368K, reserved 1048576K
}
Event: 68.944 GC heap after
{Heap after GC invocations=5 (full 0):
 garbage-first heap   total 63488K, used 24576K [0x00000000c3200000, 0x0000000100000000)
  region size 1024K, 4 young (4096K), 4 survivors (4096K)
 Metaspace       used 17588K, committed 17792K, reserved 1114112K
  class space    used 2284K, committed 2368K, reserved 1048576K
}
Event: 90.568 GC heap before
{Heap before GC invocations=5 (full 0):
 garbage-first heap   total 63488K, used 38912K [0x00000000c3200000, 0x0000000100000000)
  region size 1024K, 19 young (19456K), 4 survivors (4096K)
 Metaspace       used 21304K, committed 21504K, reserved 1114112K
  class space    used 2885K, committed 3008K, reserved 1048576K
}
Event: 90.651 GC heap after
{Heap after GC invocations=6 (full 0):
 garbage-first heap   total 63488K, used 26112K [0x00000000c3200000, 0x0000000100000000)
  region size 1024K, 1 young (1024K), 1 survivors (1024K)
 Metaspace       used 21304K, committed 21504K, reserved 1114112K
  class space    used 2885K, committed 3008K, reserved 1048576K
}
Event: 106.071 GC heap before
{Heap before GC invocations=7 (full 0):
 garbage-first heap   total 63488K, used 31232K [0x00000000c3200000, 0x0000000100000000)
  region size 1024K, 7 young (7168K), 1 survivors (1024K)
 Metaspace       used 22301K, committed 22592K, reserved 1114112K
  class space    used 3013K, committed 3136K, reserved 1048576K
}
Event: 106.178 GC heap after
{Heap after GC invocations=8 (full 0):
 garbage-first heap   total 63488K, used 26876K [0x00000000c3200000, 0x0000000100000000)
  region size 1024K, 2 young (2048K), 2 survivors (2048K)
 Metaspace       used 22301K, committed 22592K, reserved 1114112K
  class space    used 3013K, committed 3136K, reserved 1048576K
}
Event: 127.094 GC heap before
{Heap before GC invocations=8 (full 0):
 garbage-first heap   total 63488K, used 33020K [0x00000000c3200000, 0x0000000100000000)
  region size 1024K, 2 young (2048K), 2 survivors (2048K)
 Metaspace       used 22301K, committed 22592K, reserved 1114112K
  class space    used 3013K, committed 3136K, reserved 1048576K
}
Event: 127.102 GC heap after
{Heap after GC invocations=9 (full 0):
 garbage-first heap   total 63488K, used 33031K [0x00000000c3200000, 0x0000000100000000)
  region size 1024K, 1 young (1024K), 1 survivors (1024K)
 Metaspace       used 22301K, committed 22592K, reserved 1114112K
  class space    used 3013K, committed 3136K, reserved 1048576K
}
Event: 131.938 GC heap before
{Heap before GC invocations=10 (full 0):
 garbage-first heap   total 63488K, used 35079K [0x00000000c3200000, 0x0000000100000000)
  region size 1024K, 4 young (4096K), 1 survivors (1024K)
 Metaspace       used 22491K, committed 22720K, reserved 1114112K
  class space    used 3023K, committed 3136K, reserved 1048576K
}
Event: 131.944 GC heap after
{Heap after GC invocations=11 (full 0):
 garbage-first heap   total 63488K, used 34915K [0x00000000c3200000, 0x0000000100000000)
  region size 1024K, 2 young (2048K), 2 survivors (2048K)
 Metaspace       used 22491K, committed 22720K, reserved 1114112K
  class space    used 3023K, committed 3136K, reserved 1048576K
}
Event: 135.209 GC heap before
{Heap before GC invocations=12 (full 0):
 garbage-first heap   total 63488K, used 36963K [0x00000000c3200000, 0x0000000100000000)
  region size 1024K, 4 young (4096K), 2 survivors (2048K)
 Metaspace       used 22519K, committed 22720K, reserved 1114112K
  class space    used 3023K, committed 3136K, reserved 1048576K
}
Event: 135.220 GC heap after
{Heap after GC invocations=13 (full 0):
 garbage-first heap   total 63488K, used 36833K [0x00000000c3200000, 0x0000000100000000)
  region size 1024K, 2 young (2048K), 2 survivors (2048K)
 Metaspace       used 22519K, committed 22720K, reserved 1114112K
  class space    used 3023K, committed 3136K, reserved 1048576K
}
Event: 136.304 GC heap before
{Heap before GC invocations=14 (full 0):
 garbage-first heap   total 63488K, used 38881K [0x00000000c3200000, 0x0000000100000000)
  region size 1024K, 3 young (3072K), 2 survivors (2048K)
 Metaspace       used 22522K, committed 22784K, reserved 1114112K
  class space    used 3023K, committed 3136K, reserved 1048576K
}
Event: 136.312 GC heap after
{Heap after GC invocations=15 (full 0):
 garbage-first heap   total 63488K, used 39075K [0x00000000c3200000, 0x0000000100000000)
  region size 1024K, 1 young (1024K), 1 survivors (1024K)
 Metaspace       used 22522K, committed 22784K, reserved 1114112K
  class space    used 3023K, committed 3136K, reserved 1048576K
}
Event: 146.987 GC heap before
{Heap before GC invocations=16 (full 0):
 garbage-first heap   total 68608K, used 48291K [0x00000000c3200000, 0x0000000100000000)
  region size 1024K, 10 young (10240K), 1 survivors (1024K)
 Metaspace       used 24247K, committed 24512K, reserved 1114112K
  class space    used 3217K, committed 3328K, reserved 1048576K
}
Event: 146.997 GC heap after
{Heap after GC invocations=17 (full 0):
 garbage-first heap   total 68608K, used 41337K [0x00000000c3200000, 0x0000000100000000)
  region size 1024K, 2 young (2048K), 2 survivors (2048K)
 Metaspace       used 24247K, committed 24512K, reserved 1114112K
  class space    used 3217K, committed 3328K, reserved 1048576K
}
Event: 152.586 GC heap before
{Heap before GC invocations=17 (full 0):
 garbage-first heap   total 68608K, used 51577K [0x00000000c3200000, 0x0000000100000000)
  region size 1024K, 13 young (13312K), 2 survivors (2048K)
 Metaspace       used 26439K, committed 26624K, reserved 1114112K
  class space    used 3426K, committed 3520K, reserved 1048576K
}
Event: 152.619 GC heap after
{Heap after GC invocations=18 (full 0):
 garbage-first heap   total 68608K, used 42592K [0x00000000c3200000, 0x0000000100000000)
  region size 1024K, 2 young (2048K), 2 survivors (2048K)
 Metaspace       used 26439K, committed 26624K, reserved 1114112K
  class space    used 3426K, committed 3520K, reserved 1048576K
}
Event: 158.083 GC heap before
{Heap before GC invocations=19 (full 0):
 garbage-first heap   total 75776K, used 51808K [0x00000000c3200000, 0x0000000100000000)
  region size 1024K, 12 young (12288K), 2 survivors (2048K)
 Metaspace       used 28332K, committed 28608K, reserved 1114112K
  class space    used 3558K, committed 3648K, reserved 1048576K
}
Event: 158.102 GC heap after
{Heap after GC invocations=20 (full 0):
 garbage-first heap   total 75776K, used 44241K [0x00000000c3200000, 0x0000000100000000)
  region size 1024K, 2 young (2048K), 2 survivors (2048K)
 Metaspace       used 28332K, committed 28608K, reserved 1114112K
  class space    used 3558K, committed 3648K, reserved 1048576K
}

