# JRE version: Java(TM) SE Runtime Environment (17.0.10+11) (build 17.0.10+11-LTS-240)
# Java VM: Java HotSpot(TM) 64-Bit Server VM (17.0.10+11-LTS-240, mixed mode, sharing, tiered, compressed oops, compressed class ptrs, g1 gc, windows-amd64)
GC Precious Log:
 CPUs: 4 total, 4 available
 Memory: 3895M
 Large Page Support: Disabled
 NUMA Support: Disabled
 Compressed Oops: Enabled (32-bit)
 Heap Region Size: 1M
 Heap Min Capacity: 8M
 Heap Initial Capacity: 62M
 Heap Max Capacity: 974M
 Pre-touch: Disabled
 Parallel Workers: 4
 Concurrent Workers: 1
 Concurrent Refinement Workers: 4
 Periodic GC: Disabled
Heap:
 garbage-first heap   total 63488K, used 14862K [0x00000000c3200000, 0x0000000100000000)
  region size 1024K, 3 young (3072K), 1 survivors (1024K)
 Metaspace       used 10164K, committed 10368K, reserved 1114112K
  class space    used 1301K, committed 1408K, reserved 1048576K
GC Heap History (20 events):
Event: 2286.556 GC heap before
{Heap before GC invocations=5 (full 0):
 garbage-first heap   total 63488K, used 15948K [0x00000000c3200000, 0x0000000100000000)
  region size 1024K, 3 young (3072K), 1 survivors (1024K)
 Metaspace       used 10127K, committed 10368K, reserved 1114112K
  class space    used 1299K, committed 1408K, reserved 1048576K
}
Event: 2286.558 GC heap after
{Heap after GC invocations=6 (full 0):
 garbage-first heap   total 63488K, used 13851K [0x00000000c3200000, 0x0000000100000000)
  region size 1024K, 1 young (1024K), 1 survivors (1024K)
 Metaspace       used 10127K, committed 10368K, reserved 1114112K
  class space    used 1299K, committed 1408K, reserved 1048576K
}
Event: 2318.651 GC heap before
{Heap before GC invocations=6 (full 0):
 garbage-first heap   total 63488K, used 15899K [0x00000000c3200000, 0x0000000100000000)
  region size 1024K, 3 young (3072K), 1 survivors (1024K)
 Metaspace       used 10127K, committed 10368K, reserved 1114112K
  class space    used 1299K, committed 1408K, reserved 1048576K
}
Event: 2318.664 GC heap after
{Heap after GC invocations=7 (full 0):
 garbage-first heap   total 63488K, used 13825K [0x00000000c3200000, 0x0000000100000000)
  region size 1024K, 1 young (1024K), 1 survivors (1024K)
 Metaspace       used 10127K, committed 10368K, reserved 1114112K
  class space    used 1299K, committed 1408K, reserved 1048576K
}
Event: 2470.332 GC heap before
{Heap before GC invocations=7 (full 0):
 garbage-first heap   total 63488K, used 15873K [0x00000000c3200000, 0x0000000100000000)
  region size 1024K, 3 young (3072K), 1 survivors (1024K)
 Metaspace       used 10127K, committed 10368K, reserved 1114112K
  class space    used 1299K, committed 1408K, reserved 1048576K
}
Event: 2476.635 GC heap after
{Heap after GC invocations=8 (full 0):
 garbage-first heap   total 63488K, used 13804K [0x00000000c3200000, 0x0000000100000000)
  region size 1024K, 1 young (1024K), 1 survivors (1024K)
 Metaspace       used 10127K, committed 10368K, reserved 1114112K
  class space    used 1299K, committed 1408K, reserved 1048576K
}
Event: 2499.459 GC heap before
{Heap before GC invocations=8 (full 0):
 garbage-first heap   total 63488K, used 15852K [0x00000000c3200000, 0x0000000100000000)
  region size 1024K, 3 young (3072K), 1 survivors (1024K)
 Metaspace       used 10136K, committed 10368K, reserved 1114112K
  class space    used 1299K, committed 1408K, reserved 1048576K
}
Event: 2499.462 GC heap after
{Heap after GC invocations=9 (full 0):
 garbage-first heap   total 63488K, used 13858K [0x00000000c3200000, 0x0000000100000000)
  region size 1024K, 1 young (1024K), 1 survivors (1024K)
 Metaspace       used 10136K, committed 10368K, reserved 1114112K
  class space    used 1299K, committed 1408K, reserved 1048576K
}
Event: 2519.927 GC heap before
{Heap before GC invocations=9 (full 0):
 garbage-first heap   total 63488K, used 15906K [0x00000000c3200000, 0x0000000100000000)
  region size 1024K, 3 young (3072K), 1 survivors (1024K)
 Metaspace       used 10136K, committed 10368K, reserved 1114112K
  class space    used 1299K, committed 1408K, reserved 1048576K
}
Event: 2519.931 GC heap after
{Heap after GC invocations=10 (full 0):
 garbage-first heap   total 63488K, used 13870K [0x00000000c3200000, 0x0000000100000000)
  region size 1024K, 1 young (1024K), 1 survivors (1024K)
 Metaspace       used 10136K, committed 10368K, reserved 1114112K
  class space    used 1299K, committed 1408K, reserved 1048576K
}
Event: 3057.466 GC heap before
{Heap before GC invocations=10 (full 0):
 garbage-first heap   total 63488K, used 15918K [0x00000000c3200000, 0x0000000100000000)
  region size 1024K, 3 young (3072K), 1 survivors (1024K)
 Metaspace       used 10136K, committed 10368K, reserved 1114112K
  class space    used 1299K, committed 1408K, reserved 1048576K
}
Event: 3057.507 GC heap after
{Heap after GC invocations=11 (full 0):
 garbage-first heap   total 63488K, used 13874K [0x00000000c3200000, 0x0000000100000000)
  region size 1024K, 1 young (1024K), 1 survivors (1024K)
 Metaspace       used 10136K, committed 10368K, reserved 1114112K
  class space    used 1299K, committed 1408K, reserved 1048576K
}
Event: 3062.667 GC heap before
{Heap before GC invocations=11 (full 0):
 garbage-first heap   total 63488K, used 15922K [0x00000000c3200000, 0x0000000100000000)
  region size 1024K, 3 young (3072K), 1 survivors (1024K)
 Metaspace       used 10136K, committed 10368K, reserved 1114112K
  class space    used 1299K, committed 1408K, reserved 1048576K
}
Event: 3062.669 GC heap after
{Heap after GC invocations=12 (full 0):
 garbage-first heap   total 63488K, used 13848K [0x00000000c3200000, 0x0000000100000000)
  region size 1024K, 1 young (1024K), 1 survivors (1024K)
 Metaspace       used 10136K, committed 10368K, reserved 1114112K
  class space    used 1299K, committed 1408K, reserved 1048576K
}
Event: 3091.168 GC heap before
{Heap before GC invocations=12 (full 0):
 garbage-first heap   total 63488K, used 15896K [0x00000000c3200000, 0x0000000100000000)
  region size 1024K, 3 young (3072K), 1 survivors (1024K)
 Metaspace       used 10136K, committed 10368K, reserved 1114112K
  class space    used 1299K, committed 1408K, reserved 1048576K
}
Event: 3091.610 GC heap after
{Heap after GC invocations=13 (full 0):
 garbage-first heap   total 63488K, used 13840K [0x00000000c3200000, 0x0000000100000000)
  region size 1024K, 1 young (1024K), 1 survivors (1024K)
 Metaspace       used 10136K, committed 10368K, reserved 1114112K
  class space    used 1299K, committed 1408K, reserved 1048576K
}
Event: 3378.750 GC heap before
{Heap before GC invocations=13 (full 0):
 garbage-first heap   total 63488K, used 15888K [0x00000000c3200000, 0x0000000100000000)
  region size 1024K, 3 young (3072K), 1 survivors (1024K)
 Metaspace       used 10136K, committed 10368K, reserved 1114112K
  class space    used 1299K, committed 1408K, reserved 1048576K
}
Event: 3378.803 GC heap after
{Heap after GC invocations=14 (full 0):
 garbage-first heap   total 63488K, used 13840K [0x00000000c3200000, 0x0000000100000000)
  region size 1024K, 1 young (1024K), 1 survivors (1024K)
 Metaspace       used 10136K, committed 10368K, reserved 1114112K
  class space    used 1299K, committed 1408K, reserved 1048576K
}
Event: 3778.442 GC heap before
{Heap before GC invocations=14 (full 0):
 garbage-first heap   total 63488K, used 15888K [0x00000000c3200000, 0x0000000100000000)
  region size 1024K, 3 young (3072K), 1 survivors (1024K)
 Metaspace       used 10136K, committed 10368K, reserved 1114112K
  class space    used 1299K, committed 1408K, reserved 1048576K
}
Event: 3778.510 GC heap after
{Heap after GC invocations=15 (full 0):
 garbage-first heap   total 63488K, used 13838K [0x00000000c3200000, 0x0000000100000000)
  region size 1024K, 1 young (1024K), 1 survivors (1024K)
 Metaspace       used 10136K, committed 10368K, reserved 1114112K
  class space    used 1299K, committed 1408K, reserved 1048576K
}

