# JRE version: Java(TM) SE Runtime Environment (17.0.10+11) (build 17.0.10+11-LTS-240)
# Java VM: Java HotSpot(TM) 64-Bit Server VM (17.0.10+11-LTS-240, mixed mode, sharing, tiered, compressed oops, compressed class ptrs, g1 gc, windows-amd64)
GC Precious Log:
 CPUs: 4 total, 4 available
 Memory: 3895M
 Large Page Support: Disabled
 NUMA Support: Disabled
 Compressed Oops: Enabled (32-bit)
 Heap Region Size: 1M
 Heap Min Capacity: 8M
 Heap Initial Capacity: 62M
 Heap Max Capacity: 1536M
 Pre-touch: Disabled
 Parallel Workers: 4
 Concurrent Workers: 1
 Concurrent Refinement Workers: 4
 Periodic GC: Disabled
Heap:
 garbage-first heap   total 63488K, used 33212K [0x00000000a0000000, 0x0000000100000000)
  region size 1024K, 15 young (15360K), 3 survivors (3072K)
 Metaspace       used 19663K, committed 19904K, reserved 491520K
  class space    used 2827K, committed 2944K, reserved 425984K
GC Heap History (14 events):
Event: 8.180 GC heap before
{Heap before GC invocations=0 (full 0):
 garbage-first heap   total 63488K, used 12288K [0x00000000a0000000, 0x0000000100000000)
  region size 1024K, 13 young (13312K), 0 survivors (0K)
 Metaspace       used 1011K, committed 1152K, reserved 491520K
  class space    used 74K, committed 128K, reserved 425984K
}
Event: 8.359 GC heap after
{Heap after GC invocations=1 (full 0):
 garbage-first heap   total 63488K, used 2891K [0x00000000a0000000, 0x0000000100000000)
  region size 1024K, 2 young (2048K), 2 survivors (2048K)
 Metaspace       used 1011K, committed 1152K, reserved 491520K
  class space    used 74K, committed 128K, reserved 425984K
}
Event: 16.704 GC heap before
{Heap before GC invocations=1 (full 0):
 garbage-first heap   total 63488K, used 22347K [0x00000000a0000000, 0x0000000100000000)
  region size 1024K, 17 young (17408K), 2 survivors (2048K)
 Metaspace       used 3617K, committed 3776K, reserved 491520K
  class space    used 448K, committed 512K, reserved 425984K
}
Event: 16.719 GC heap after
{Heap after GC invocations=2 (full 0):
 garbage-first heap   total 63488K, used 10750K [0x00000000a0000000, 0x0000000100000000)
  region size 1024K, 3 young (3072K), 3 survivors (3072K)
 Metaspace       used 3617K, committed 3776K, reserved 491520K
  class space    used 448K, committed 512K, reserved 425984K
}
Event: 26.438 GC heap before
{Heap before GC invocations=2 (full 0):
 garbage-first heap   total 63488K, used 29182K [0x00000000a0000000, 0x0000000100000000)
  region size 1024K, 22 young (22528K), 3 survivors (3072K)
 Metaspace       used 4014K, committed 4224K, reserved 491520K
  class space    used 490K, committed 576K, reserved 425984K
}
Event: 26.451 GC heap after
{Heap after GC invocations=3 (full 0):
 garbage-first heap   total 63488K, used 11343K [0x00000000a0000000, 0x0000000100000000)
  region size 1024K, 1 young (1024K), 1 survivors (1024K)
 Metaspace       used 4014K, committed 4224K, reserved 491520K
  class space    used 490K, committed 576K, reserved 425984K
}
Event: 34.695 GC heap before
{Heap before GC invocations=3 (full 0):
 garbage-first heap   total 63488K, used 42063K [0x00000000a0000000, 0x0000000100000000)
  region size 1024K, 30 young (30720K), 1 survivors (1024K)
 Metaspace       used 6479K, committed 6720K, reserved 491520K
  class space    used 850K, committed 960K, reserved 425984K
}
Event: 34.776 GC heap after
{Heap after GC invocations=4 (full 0):
 garbage-first heap   total 63488K, used 17077K [0x00000000a0000000, 0x0000000100000000)
  region size 1024K, 4 young (4096K), 4 survivors (4096K)
 Metaspace       used 6479K, committed 6720K, reserved 491520K
  class space    used 850K, committed 960K, reserved 425984K
}
Event: 77.275 GC heap before
{Heap before GC invocations=4 (full 0):
 garbage-first heap   total 63488K, used 38581K [0x00000000a0000000, 0x0000000100000000)
  region size 1024K, 25 young (25600K), 4 survivors (4096K)
 Metaspace       used 11673K, committed 11904K, reserved 491520K
  class space    used 1565K, committed 1728K, reserved 425984K
}
Event: 77.288 GC heap after
{Heap after GC invocations=5 (full 0):
 garbage-first heap   total 63488K, used 19515K [0x00000000a0000000, 0x0000000100000000)
  region size 1024K, 3 young (3072K), 3 survivors (3072K)
 Metaspace       used 11673K, committed 11904K, reserved 491520K
  class space    used 1565K, committed 1728K, reserved 425984K
}
Event: 82.334 GC heap before
{Heap before GC invocations=5 (full 0):
 garbage-first heap   total 63488K, used 39995K [0x00000000a0000000, 0x0000000100000000)
  region size 1024K, 24 young (24576K), 3 survivors (3072K)
 Metaspace       used 15329K, committed 15552K, reserved 491520K
  class space    used 2126K, committed 2240K, reserved 425984K
}
Event: 82.347 GC heap after
{Heap after GC invocations=6 (full 0):
 garbage-first heap   total 63488K, used 20742K [0x00000000a0000000, 0x0000000100000000)
  region size 1024K, 2 young (2048K), 2 survivors (2048K)
 Metaspace       used 15329K, committed 15552K, reserved 491520K
  class space    used 2126K, committed 2240K, reserved 425984K
}
Event: 87.531 GC heap before
{Heap before GC invocations=6 (full 0):
 garbage-first heap   total 63488K, used 43270K [0x00000000a0000000, 0x0000000100000000)
  region size 1024K, 24 young (24576K), 2 survivors (2048K)
 Metaspace       used 18236K, committed 18496K, reserved 491520K
  class space    used 2605K, committed 2752K, reserved 425984K
}
Event: 87.570 GC heap after
{Heap after GC invocations=7 (full 0):
 garbage-first heap   total 63488K, used 21948K [0x00000000a0000000, 0x0000000100000000)
  region size 1024K, 3 young (3072K), 3 survivors (3072K)
 Metaspace       used 18236K, committed 18496K, reserved 491520K
  class space    used 2605K, committed 2752K, reserved 425984K
}

